::1 - - [25/Feb/2023:04:33:27 +0000] "GET /premium/leaderBoard HTTP/1.1" 304 - "-" "Mozilla/5.0 (iPhone; CPU iPhone OS 13_2_3 like Mac OS X) AppleWebKit/605.1.15 (KHTML, like Gecko) Version/13.0.3 Mobile/15E148 Safari/604.1"
::1 - - [25/Feb/2023:04:33:27 +0000] "GET /expense/get-expense HTTP/1.1" 304 - "-" "Mozilla/5.0 (iPhone; CPU iPhone OS 13_2_3 like Mac OS X) AppleWebKit/605.1.15 (KHTML, like Gecko) Version/13.0.3 Mobile/15E148 Safari/604.1"
::1 - - [25/Feb/2023:04:33:27 +0000] "GET /expense/pagination?page=1&pagesize=5 HTTP/1.1" 304 - "-" "Mozilla/5.0 (iPhone; CPU iPhone OS 13_2_3 like Mac OS X) AppleWebKit/605.1.15 (KHTML, like Gecko) Version/13.0.3 Mobile/15E148 Safari/604.1"
::1 - - [25/Feb/2023:04:33:45 +0000] "POST /expense/add-expense HTTP/1.1" 200 209 "-" "Mozilla/5.0 (iPhone; CPU iPhone OS 13_2_3 like Mac OS X) AppleWebKit/605.1.15 (KHTML, like Gecko) Version/13.0.3 Mobile/15E148 Safari/604.1"
::1 - - [25/Feb/2023:04:33:45 +0000] "GET /premium/leaderBoard HTTP/1.1" 200 108 "-" "Mozilla/5.0 (iPhone; CPU iPhone OS 13_2_3 like Mac OS X) AppleWebKit/605.1.15 (KHTML, like Gecko) Version/13.0.3 Mobile/15E148 Safari/604.1"
::1 - - [25/Feb/2023:04:33:45 +0000] "GET /expense/get-expense HTTP/1.1" 200 - "-" "Mozilla/5.0 (iPhone; CPU iPhone OS 13_2_3 like Mac OS X) AppleWebKit/605.1.15 (KHTML, like Gecko) Version/13.0.3 Mobile/15E148 Safari/604.1"
::1 - - [25/Feb/2023:04:33:45 +0000] "GET /expense/pagination?page=1&pagesize=5 HTTP/1.1" 304 - "-" "Mozilla/5.0 (iPhone; CPU iPhone OS 13_2_3 like Mac OS X) AppleWebKit/605.1.15 (KHTML, like Gecko) Version/13.0.3 Mobile/15E148 Safari/604.1"
::1 - - [25/Feb/2023:04:34:24 +0000] "GET /premium/leaderBoard HTTP/1.1" 304 - "-" "Mozilla/5.0 (Linux; Android 8.0.0; SM-G955U Build/R16NW) AppleWebKit/537.36 (KHTML, like Gecko) Chrome/87.0.4280.141 Mobile Safari/537.36"
::1 - - [25/Feb/2023:04:34:24 +0000] "GET /expense/get-expense HTTP/1.1" 304 - "-" "Mozilla/5.0 (Linux; Android 8.0.0; SM-G955U Build/R16NW) AppleWebKit/537.36 (KHTML, like Gecko) Chrome/87.0.4280.141 Mobile Safari/537.36"
::1 - - [25/Feb/2023:04:34:24 +0000] "GET /expense/pagination?page=1&pagesize=5 HTTP/1.1" 304 - "-" "Mozilla/5.0 (Linux; Android 8.0.0; SM-G955U Build/R16NW) AppleWebKit/537.36 (KHTML, like Gecko) Chrome/87.0.4280.141 Mobile Safari/537.36"
::1 - - [25/Feb/2023:04:34:52 +0000] "GET /premium/leaderBoard HTTP/1.1" 304 - "-" "Mozilla/5.0 (Windows NT 10.0; Win64; x64) AppleWebKit/537.36 (KHTML, like Gecko) Chrome/110.0.0.0 Safari/537.36"
::1 - - [25/Feb/2023:04:34:52 +0000] "GET /expense/get-expense HTTP/1.1" 304 - "-" "Mozilla/5.0 (Windows NT 10.0; Win64; x64) AppleWebKit/537.36 (KHTML, like Gecko) Chrome/110.0.0.0 Safari/537.36"
::1 - - [25/Feb/2023:04:34:52 +0000] "GET /expense/pagination?page=1&pagesize=5 HTTP/1.1" 304 - "-" "Mozilla/5.0 (Windows NT 10.0; Win64; x64) AppleWebKit/537.36 (KHTML, like Gecko) Chrome/110.0.0.0 Safari/537.36"
::1 - - [25/Feb/2023:06:01:22 +0000] "GET /premium/leaderBoard HTTP/1.1" 304 - "-" "Mozilla/5.0 (Linux; Android 8.0.0; SM-G955U Build/R16NW) AppleWebKit/537.36 (KHTML, like Gecko) Chrome/87.0.4280.141 Mobile Safari/537.36"
::1 - - [25/Feb/2023:06:01:22 +0000] "GET /expense/get-expense HTTP/1.1" 304 - "-" "Mozilla/5.0 (Linux; Android 8.0.0; SM-G955U Build/R16NW) AppleWebKit/537.36 (KHTML, like Gecko) Chrome/87.0.4280.141 Mobile Safari/537.36"
::1 - - [25/Feb/2023:06:01:22 +0000] "GET /expense/pagination?page=1&pagesize=5 HTTP/1.1" 304 - "-" "Mozilla/5.0 (Linux; Android 8.0.0; SM-G955U Build/R16NW) AppleWebKit/537.36 (KHTML, like Gecko) Chrome/87.0.4280.141 Mobile Safari/537.36"
::1 - - [25/Feb/2023:06:01:41 +0000] "GET /expense/download HTTP/1.1" 200 39 "-" "Mozilla/5.0 (Linux; Android 8.0.0; SM-G955U Build/R16NW) AppleWebKit/537.36 (KHTML, like Gecko) Chrome/87.0.4280.141 Mobile Safari/537.36"
::1 - - [25/Feb/2023:06:06:02 +0000] "GET /expense/download HTTP/1.1" 200 430 "-" "Mozilla/5.0 (Linux; Android 8.0.0; SM-G955U Build/R16NW) AppleWebKit/537.36 (KHTML, like Gecko) Chrome/87.0.4280.141 Mobile Safari/537.36"
::1 - - [25/Feb/2023:06:07:14 +0000] "GET /expense/download HTTP/1.1" 200 680 "-" "Mozilla/5.0 (Linux; Android 8.0.0; SM-G955U Build/R16NW) AppleWebKit/537.36 (KHTML, like Gecko) Chrome/87.0.4280.141 Mobile Safari/537.36"
::1 - - [25/Feb/2023:06:28:20 +0000] "GET /premium/leaderBoard HTTP/1.1" 304 - "-" "Mozilla/5.0 (Linux; Android 8.0.0; SM-G955U Build/R16NW) AppleWebKit/537.36 (KHTML, like Gecko) Chrome/87.0.4280.141 Mobile Safari/537.36"
::1 - - [25/Feb/2023:06:28:20 +0000] "GET /expense/get-expense HTTP/1.1" 304 - "-" "Mozilla/5.0 (Linux; Android 8.0.0; SM-G955U Build/R16NW) AppleWebKit/537.36 (KHTML, like Gecko) Chrome/87.0.4280.141 Mobile Safari/537.36"
::1 - - [25/Feb/2023:06:28:20 +0000] "GET /expense/pagination?page=1&pagesize=5 HTTP/1.1" 304 - "-" "Mozilla/5.0 (Linux; Android 8.0.0; SM-G955U Build/R16NW) AppleWebKit/537.36 (KHTML, like Gecko) Chrome/87.0.4280.141 Mobile Safari/537.36"
::1 - - [25/Feb/2023:06:28:24 +0000] "GET /expense/download HTTP/1.1" 200 930 "-" "Mozilla/5.0 (Linux; Android 8.0.0; SM-G955U Build/R16NW) AppleWebKit/537.36 (KHTML, like Gecko) Chrome/87.0.4280.141 Mobile Safari/537.36"
